Using pre-set license
Built from '2020.3/staging' branch; Version is '2020.3.11f1 (99c7afb366b3) revision 10078127'; Using compiler version '192528614'; Build Type 'Release'
OS: 'Windows 10 Home; OS build 22000.318; Version 2009; 64bit' Language: 'en' Physical Memory: 7549 MB
BatchMode: 1, IsHumanControllingUs: 0, StartBugReporterOnCrash: 0, Is64bit: 1, IsPro: 0

 COMMAND LINE ARGUMENTS:
C:\Program Files\Unity\Hub\Editor\2020.3.11f1\Editor\Unity.exe
-adb2
-batchMode
-noUpm
-name
AssetImportWorker0
-projectPath
C:/Users/Qayyum/Documents/GitHub/bfdi-brawl/BFDI_BRAWL
-logFile
Logs/AssetImportWorker0.log
-srvPort
61801
Successfully changed project path to: C:/Users/Qayyum/Documents/GitHub/bfdi-brawl/BFDI_BRAWL
C:/Users/Qayyum/Documents/GitHub/bfdi-brawl/BFDI_BRAWL
Using Asset Import Pipeline V2.
Refreshing native plugins compatible for Editor in 80.89 ms, found 4 plugins.
Preloading 0 native plugins for Editor in 0.00 ms.
Initialize engine version: 2020.3.11f1 (99c7afb366b3)
[Subsystems] Discovering subsystems at path C:/Program Files/Unity/Hub/Editor/2020.3.11f1/Editor/Data/Resources/UnitySubsystems
[Subsystems] Discovering subsystems at path C:/Users/Qayyum/Documents/GitHub/bfdi-brawl/BFDI_BRAWL/Assets
GfxDevice: creating device client; threaded=0
Direct3D:
    Version:  Direct3D 11.0 [level 11.1]
    Renderer: NVIDIA GeForce GTX 1650 (ID=0x1f99)
    Vendor:   
    VRAM:     3962 MB
    Driver:   30.0.14.7168
Shader 'Universal Render Pipeline/Particles/Lit': fallback shader 'Universal Render Pipeline/Particles/SimpleLit' not found
Initialize mono
Mono path[0] = 'C:/Program Files/Unity/Hub/Editor/2020.3.11f1/Editor/Data/Managed'
Mono path[1] = 'C:/Program Files/Unity/Hub/Editor/2020.3.11f1/Editor/Data/MonoBleedingEdge/lib/mono/unityjit'
Mono config path = 'C:/Program Files/Unity/Hub/Editor/2020.3.11f1/Editor/Data/MonoBleedingEdge/etc'
Using monoOptions --debugger-agent=transport=dt_socket,embedding=1,server=y,suspend=n,address=127.0.0.1:56604
Begin MonoManager ReloadAssembly
Registering precompiled unity dll's ...
Register platform support module: C:/Program Files/Unity/Hub/Editor/2020.3.11f1/Editor/Data/PlaybackEngines/WebGLSupport/UnityEditor.WebGL.Extensions.dll
Register platform support module: C:/Program Files/Unity/Hub/Editor/2020.3.11f1/Editor/Data/PlaybackEngines/MacStandaloneSupport/UnityEditor.OSXStandalone.Extensions.dll
Register platform support module: C:/Program Files/Unity/Hub/Editor/2020.3.11f1/Editor/Data/PlaybackEngines/WindowsStandaloneSupport/UnityEditor.WindowsStandalone.Extensions.dll
Register platform support module: C:/Program Files/Unity/Hub/Editor/2020.3.11f1/Editor/Data/PlaybackEngines/LinuxStandaloneSupport/UnityEditor.LinuxStandalone.Extensions.dll
Registered in 0.004227 seconds.
Native extension for LinuxStandalone target not found
Native extension for WindowsStandalone target not found
Native extension for OSXStandalone target not found
Native extension for WebGL target not found
Refreshing native plugins compatible for Editor in 68.37 ms, found 4 plugins.
Preloading 0 native plugins for Editor in 0.00 ms.
Mono: successfully reloaded assembly
- Completed reload, in  2.712 seconds
Platform modules already initialized, skipping
Registering precompiled user dll's ...
Registered in 0.019593 seconds.
Begin MonoManager ReloadAssembly
Native extension for LinuxStandalone target not found
Native extension for WindowsStandalone target not found
Native extension for OSXStandalone target not found
Native extension for WebGL target not found
Refreshing native plugins compatible for Editor in 93.15 ms, found 4 plugins.
Preloading 0 native plugins for Editor in 0.00 ms.
Mono: successfully reloaded assembly
- Completed reload, in  1.659 seconds
Platform modules already initialized, skipping
========================================================================
Worker process is ready to serve import requests
Shader 'Universal Render Pipeline/Particles/Lit': fallback shader 'Universal Render Pipeline/Particles/SimpleLit' not found
Launched and connected shader compiler UnityShaderCompiler.exe after 0.05 seconds
Refreshing native plugins compatible for Editor in 1.01 ms, found 4 plugins.
Preloading 0 native plugins for Editor in 0.00 ms.
Unloading 3682 Unused Serialized files (Serialized files now loaded: 0)
System memory in use before: 169.6 MB.
System memory in use after: 169.8 MB.

Unloading 125 unused Assets to reduce memory usage. Loaded Objects now: 4138.
Total: 4.571700 ms (FindLiveObjects: 0.619000 ms CreateObjectMapping: 0.194500 ms MarkObjects: 3.532000 ms  DeleteObjects: 0.222500 ms)

========================================================================
Received Import Request.
  path: Assets/Scripts/AI_Controller.cs
  artifactKey: Guid(7a9b036aa06806b49b8883790c03dc18) Importer(815301076,1909f56bfc062723c751e8b465ee728b)
Start importing Assets/Scripts/AI_Controller.cs using Guid(7a9b036aa06806b49b8883790c03dc18) Importer(815301076,1909f56bfc062723c751e8b465ee728b)  -> (artifact id: '9212c35a3fa484551260442873bb003b') in 0.116510 seconds
  Import took 0.129545 seconds .

========================================================================
Received Import Request.
  Time since last request: 0.000674 seconds.
  path: Assets/Attack_Controller.cs
  artifactKey: Guid(960dff2d451326349bc0d4ad4d2aa583) Importer(815301076,1909f56bfc062723c751e8b465ee728b)
Start importing Assets/Attack_Controller.cs using Guid(960dff2d451326349bc0d4ad4d2aa583) Importer(815301076,1909f56bfc062723c751e8b465ee728b)  -> (artifact id: '0ecab20e103e9df1155da55d6a2bd5a8') in 0.016252 seconds
  Import took 0.028606 seconds .

========================================================================
Received Prepare
Registering precompiled user dll's ...
Registered in 0.015401 seconds.
Begin MonoManager ReloadAssembly
Native extension for LinuxStandalone target not found
Native extension for WindowsStandalone target not found
Native extension for OSXStandalone target not found
Native extension for WebGL target not found
Refreshing native plugins compatible for Editor in 0.91 ms, found 4 plugins.
Preloading 0 native plugins for Editor in 0.00 ms.
Mono: successfully reloaded assembly
- Completed reload, in  1.312 seconds
Platform modules already initialized, skipping
Shader 'Universal Render Pipeline/Particles/Lit': fallback shader 'Universal Render Pipeline/Particles/SimpleLit' not found
Refreshing native plugins compatible for Editor in 0.92 ms, found 4 plugins.
Preloading 0 native plugins for Editor in 0.00 ms.
Unloading 3507 Unused Serialized files (Serialized files now loaded: 0)
System memory in use before: 156.3 MB.
System memory in use after: 156.6 MB.

Unloading 119 unused Assets to reduce memory usage. Loaded Objects now: 4141.
Total: 4.489600 ms (FindLiveObjects: 0.531000 ms CreateObjectMapping: 0.135200 ms MarkObjects: 3.655000 ms  DeleteObjects: 0.165900 ms)

========================================================================
Received Import Request.
  Time since last request: 10.073296 seconds.
  path: Assets/Mock_Moveset.cs
  artifactKey: Guid(4432f0d7db5f72a4a9821450ec148714) Importer(815301076,1909f56bfc062723c751e8b465ee728b)
Start importing Assets/Mock_Moveset.cs using Guid(4432f0d7db5f72a4a9821450ec148714) Importer(815301076,1909f56bfc062723c751e8b465ee728b)  -> (artifact id: '7ec68df7a0414d7ddd7b097db0b19cdb') in 0.017498 seconds
  Import took 0.024917 seconds .

========================================================================
Received Prepare
Registering precompiled user dll's ...
Registered in 0.014645 seconds.
Begin MonoManager ReloadAssembly
Native extension for LinuxStandalone target not found
Native extension for WindowsStandalone target not found
Native extension for OSXStandalone target not found
Native extension for WebGL target not found
Refreshing native plugins compatible for Editor in 0.96 ms, found 4 plugins.
Preloading 0 native plugins for Editor in 0.00 ms.
Mono: successfully reloaded assembly
- Completed reload, in  1.311 seconds
Platform modules already initialized, skipping
Shader 'Universal Render Pipeline/Particles/Lit': fallback shader 'Universal Render Pipeline/Particles/SimpleLit' not found
Refreshing native plugins compatible for Editor in 0.90 ms, found 4 plugins.
Preloading 0 native plugins for Editor in 0.00 ms.
Unloading 3507 Unused Serialized files (Serialized files now loaded: 0)
System memory in use before: 156.4 MB.
System memory in use after: 156.7 MB.

Unloading 119 unused Assets to reduce memory usage. Loaded Objects now: 4144.
Total: 6.018600 ms (FindLiveObjects: 0.540000 ms CreateObjectMapping: 0.133900 ms MarkObjects: 5.169900 ms  DeleteObjects: 0.171800 ms)

========================================================================
Received Import Request.
  Time since last request: 11.314887 seconds.
  path: Assets/Platform_JumpThrough.cs
  artifactKey: Guid(c275ae708d55849098f03d43f60a7cdf) Importer(815301076,1909f56bfc062723c751e8b465ee728b)
Start importing Assets/Platform_JumpThrough.cs using Guid(c275ae708d55849098f03d43f60a7cdf) Importer(815301076,1909f56bfc062723c751e8b465ee728b)  -> (artifact id: 'cf9c1a1613d4c98461735d423b76866d') in 0.014003 seconds
  Import took 0.021277 seconds .

========================================================================
Received Import Request.
  Time since last request: 0.000418 seconds.
  path: Assets/testParticleEmission.cs
  artifactKey: Guid(fc8a4c7eb32e01503b35a0f871918c6a) Importer(815301076,1909f56bfc062723c751e8b465ee728b)
Start importing Assets/testParticleEmission.cs using Guid(fc8a4c7eb32e01503b35a0f871918c6a) Importer(815301076,1909f56bfc062723c751e8b465ee728b)  -> (artifact id: '5ed588804f1920d12e728318dcf29471') in 0.008694 seconds
  Import took 0.015442 seconds .

========================================================================
Received Prepare
Registering precompiled user dll's ...
Registered in 0.015609 seconds.
Begin MonoManager ReloadAssembly
Native extension for LinuxStandalone target not found
Native extension for WindowsStandalone target not found
Native extension for OSXStandalone target not found
Native extension for WebGL target not found
Refreshing native plugins compatible for Editor in 0.83 ms, found 4 plugins.
Preloading 0 native plugins for Editor in 0.00 ms.
Mono: successfully reloaded assembly
- Completed reload, in  1.282 seconds
Platform modules already initialized, skipping
Shader 'Universal Render Pipeline/Particles/Lit': fallback shader 'Universal Render Pipeline/Particles/SimpleLit' not found
Refreshing native plugins compatible for Editor in 0.93 ms, found 4 plugins.
Preloading 0 native plugins for Editor in 0.00 ms.
Unloading 3507 Unused Serialized files (Serialized files now loaded: 0)
System memory in use before: 156.5 MB.
System memory in use after: 156.7 MB.

Unloading 119 unused Assets to reduce memory usage. Loaded Objects now: 4147.
Total: 5.980900 ms (FindLiveObjects: 0.554500 ms CreateObjectMapping: 0.256200 ms MarkObjects: 4.989100 ms  DeleteObjects: 0.178200 ms)

========================================================================
Received Import Request.
  Time since last request: 126.370430 seconds.
  path: Assets/Characters/Mock/Animation/MockAnimation.controller
  artifactKey: Guid(7bd8fdb4decb4410da86de1aafcc5891) Importer(815301076,1909f56bfc062723c751e8b465ee728b)
Start importing Assets/Characters/Mock/Animation/MockAnimation.controller using Guid(7bd8fdb4decb4410da86de1aafcc5891) Importer(815301076,1909f56bfc062723c751e8b465ee728b)  -> (artifact id: '4e64ac30c31bf939e661e039c44409f5') in 0.074930 seconds
  Import took 0.082646 seconds .

========================================================================
Received Prepare
Registering precompiled user dll's ...
Registered in 0.007789 seconds.
Begin MonoManager ReloadAssembly
Native extension for LinuxStandalone target not found
Native extension for WindowsStandalone target not found
Native extension for OSXStandalone target not found
Native extension for WebGL target not found
Refreshing native plugins compatible for Editor in 0.88 ms, found 4 plugins.
Preloading 0 native plugins for Editor in 0.00 ms.
Mono: successfully reloaded assembly
- Completed reload, in  1.274 seconds
Platform modules already initialized, skipping
Shader 'Universal Render Pipeline/Particles/Lit': fallback shader 'Universal Render Pipeline/Particles/SimpleLit' not found
Refreshing native plugins compatible for Editor in 0.85 ms, found 4 plugins.
Preloading 0 native plugins for Editor in 0.00 ms.
Unloading 3507 Unused Serialized files (Serialized files now loaded: 0)
System memory in use before: 156.5 MB.
System memory in use after: 156.7 MB.

Unloading 119 unused Assets to reduce memory usage. Loaded Objects now: 4150.
Total: 5.373200 ms (FindLiveObjects: 0.740000 ms CreateObjectMapping: 0.340200 ms MarkObjects: 4.118300 ms  DeleteObjects: 0.170600 ms)

========================================================================
Received Prepare
Registering precompiled user dll's ...
Registered in 0.006765 seconds.
Begin MonoManager ReloadAssembly
Native extension for LinuxStandalone target not found
Native extension for WindowsStandalone target not found
Native extension for OSXStandalone target not found
Native extension for WebGL target not found
Refreshing native plugins compatible for Editor in 0.88 ms, found 4 plugins.
Preloading 0 native plugins for Editor in 0.00 ms.
Mono: successfully reloaded assembly
- Completed reload, in  1.247 seconds
Platform modules already initialized, skipping
Shader 'Universal Render Pipeline/Particles/Lit': fallback shader 'Universal Render Pipeline/Particles/SimpleLit' not found
Refreshing native plugins compatible for Editor in 0.82 ms, found 4 plugins.
Preloading 0 native plugins for Editor in 0.00 ms.
Unloading 3507 Unused Serialized files (Serialized files now loaded: 0)
System memory in use before: 156.5 MB.
System memory in use after: 156.8 MB.

Unloading 119 unused Assets to reduce memory usage. Loaded Objects now: 4153.
Total: 3.898000 ms (FindLiveObjects: 0.410000 ms CreateObjectMapping: 0.125600 ms MarkObjects: 3.201100 ms  DeleteObjects: 0.159100 ms)

AssetImportWorkerClient::OnTransportError - code=2 error=End of file
